app/build/intermediates/manifest_merge_blame_file/debug/manifest-merger-blame-debug-report.txt
1<?xml version="1.0" encoding="utf-8"?>
2<manifest xmlns:android="http://schemas.android.com/apk/res/android"
3    package="eu.tutorials.SnapWorkout"
4    android:versionCode="1"
5    android:versionName="1.0" >
6
7    <uses-sdk
8        android:minSdkVersion="21"
8-->src\main\AndroidManifest.xml
9        android:targetSdkVersion="33" />
9-->src\main\AndroidManifest.xml
10
11    <queries>
11-->src\main\AndroidManifest.xml:5:5-9:15
12        <intent>
12-->src\main\AndroidManifest.xml:6:9-8:18
13            <action android:name="android.intent.action.TTS_SERVICE" />
13-->src\main\AndroidManifest.xml:7:13-72
13-->src\main\AndroidManifest.xml:7:21-69
14        </intent>
15    </queries>
16
17    <permission
17-->[androidx.core:core:1.10.1] AndroidManifest.xml:22:5-24:47
18        android:name="eu.tutorials.SnapWorkout.DYNAMIC_RECEIVER_NOT_EXPORTED_PERMISSION"
18-->[androidx.core:core:1.10.1] AndroidManifest.xml:23:9-81
19        android:protectionLevel="signature" />
19-->[androidx.core:core:1.10.1] AndroidManifest.xml:24:9-44
20
21    <uses-permission android:name="eu.tutorials.SnapWorkout.DYNAMIC_RECEIVER_NOT_EXPORTED_PERMISSION" />
21-->[androidx.core:core:1.10.1] AndroidManifest.xml:26:5-97
21-->[androidx.core:core:1.10.1] AndroidManifest.xml:26:22-94
22
23    <application
23-->src\main\AndroidManifest.xml:11:5-51:19
24        android:name="com.example.SnapWorkout.WorkOutApp"
24-->src\main\AndroidManifest.xml:12:9-58
25        android:allowBackup="true"
25-->src\main\AndroidManifest.xml:13:9-35
26        android:appComponentFactory="androidx.core.app.CoreComponentFactory"
26-->[androidx.core:core:1.10.1] AndroidManifest.xml:28:18-86
27        android:debuggable="true"
28        android:icon="@mipmap/ic_launcher"
28-->src\main\AndroidManifest.xml:14:9-43
29        android:label="@string/app_name"
29-->src\main\AndroidManifest.xml:15:9-41
30        android:roundIcon="@mipmap/ic_launcher_round"
30-->src\main\AndroidManifest.xml:16:9-54
31        android:supportsRtl="true"
31-->src\main\AndroidManifest.xml:17:9-35
32        android:testOnly="true"
33        android:theme="@style/Theme.SnapWorkout" >
33-->src\main\AndroidManifest.xml:18:9-49
34        <activity
34-->src\main\AndroidManifest.xml:19:9-24:15
35            android:name="com.example.SnapWorkout.activities.HistoryActivity"
35-->src\main\AndroidManifest.xml:20:13-78
36            android:exported="true"
36-->src\main\AndroidManifest.xml:21:13-36
37            android:screenOrientation="portrait"
37-->src\main\AndroidManifest.xml:22:13-49
38            android:theme="@style/Theme.1SnapWorkout" />
38-->src\main\AndroidManifest.xml:23:13-54
39        <activity
39-->src\main\AndroidManifest.xml:25:9-29:57
40            android:name="com.example.SnapWorkout.activities.BMIActivity"
40-->src\main\AndroidManifest.xml:26:13-74
41            android:exported="true"
41-->src\main\AndroidManifest.xml:27:13-36
42            android:screenOrientation="portrait"
42-->src\main\AndroidManifest.xml:28:13-49
43            android:theme="@style/Theme.1SnapWorkout" />
43-->src\main\AndroidManifest.xml:29:13-54
44        <activity
44-->src\main\AndroidManifest.xml:30:9-34:57
45            android:name="com.example.SnapWorkout.activities.FinishActivity"
45-->src\main\AndroidManifest.xml:31:13-77
46            android:exported="true"
46-->src\main\AndroidManifest.xml:32:13-36
47            android:screenOrientation="portrait"
47-->src\main\AndroidManifest.xml:33:13-49
48            android:theme="@style/Theme.1SnapWorkout" />
48-->src\main\AndroidManifest.xml:34:13-54
49        <activity
49-->src\main\AndroidManifest.xml:35:9-39:57
50            android:name="com.example.SnapWorkout.activities.ExerciseActivity"
50-->src\main\AndroidManifest.xml:36:13-79
51            android:exported="true"
51-->src\main\AndroidManifest.xml:37:13-36
52            android:screenOrientation="portrait"
52-->src\main\AndroidManifest.xml:38:13-49
53            android:theme="@style/Theme.1SnapWorkout" />
53-->src\main\AndroidManifest.xml:39:13-54
54        <activity
54-->src\main\AndroidManifest.xml:40:9-50:20
55            android:name="com.example.SnapWorkout.activities.MainActivity"
55-->src\main\AndroidManifest.xml:41:13-75
56            android:exported="true"
56-->src\main\AndroidManifest.xml:42:13-36
57            android:screenOrientation="portrait"
57-->src\main\AndroidManifest.xml:43:13-49
58            android:theme="@style/Theme.1SnapWorkout" >
58-->src\main\AndroidManifest.xml:44:13-54
59            <intent-filter>
59-->src\main\AndroidManifest.xml:45:13-49:29
60                <action android:name="android.intent.action.MAIN" />
60-->src\main\AndroidManifest.xml:46:17-69
60-->src\main\AndroidManifest.xml:46:25-66
61
62                <category android:name="android.intent.category.LAUNCHER" />
62-->src\main\AndroidManifest.xml:48:17-77
62-->src\main\AndroidManifest.xml:48:27-74
63            </intent-filter>
64        </activity>
65
66        <service
66-->[androidx.room:room-runtime:2.5.2] AndroidManifest.xml:24:9-28:63
67            android:name="androidx.room.MultiInstanceInvalidationService"
67-->[androidx.room:room-runtime:2.5.2] AndroidManifest.xml:25:13-74
68            android:directBootAware="true"
68-->[androidx.room:room-runtime:2.5.2] AndroidManifest.xml:26:13-43
69            android:exported="false" />
69-->[androidx.room:room-runtime:2.5.2] AndroidManifest.xml:27:13-37
70
71        <provider
71-->[androidx.emoji2:emoji2:1.2.0] AndroidManifest.xml:24:9-32:20
72            android:name="androidx.startup.InitializationProvider"
72-->[androidx.emoji2:emoji2:1.2.0] AndroidManifest.xml:25:13-67
73            android:authorities="eu.tutorials.SnapWorkout.androidx-startup"
73-->[androidx.emoji2:emoji2:1.2.0] AndroidManifest.xml:26:13-68
74            android:exported="false" >
74-->[androidx.emoji2:emoji2:1.2.0] AndroidManifest.xml:27:13-37
75            <meta-data
75-->[androidx.emoji2:emoji2:1.2.0] AndroidManifest.xml:29:13-31:52
76                android:name="androidx.emoji2.text.EmojiCompatInitializer"
76-->[androidx.emoji2:emoji2:1.2.0] AndroidManifest.xml:30:17-75
77                android:value="androidx.startup" />
77-->[androidx.emoji2:emoji2:1.2.0] AndroidManifest.xml:31:17-49
78            <meta-data
78-->[androidx.lifecycle:lifecycle-process:2.6.1] AndroidManifest.xml:29:13-31:52
79                android:name="androidx.lifecycle.ProcessLifecycleInitializer"
79-->[androidx.lifecycle:lifecycle-process:2.6.1] AndroidManifest.xml:30:17-78
80                android:value="androidx.startup" />
80-->[androidx.lifecycle:lifecycle-process:2.6.1] AndroidManifest.xml:31:17-49
81            <meta-data
81-->[androidx.profileinstaller:profileinstaller:1.3.0] AndroidManifest.xml:29:13-31:52
82                android:name="androidx.profileinstaller.ProfileInstallerInitializer"
82-->[androidx.profileinstaller:profileinstaller:1.3.0] AndroidManifest.xml:30:17-85
83                android:value="androidx.startup" />
83-->[androidx.profileinstaller:profileinstaller:1.3.0] AndroidManifest.xml:31:17-49
84        </provider>
85
86        <receiver
86-->[androidx.profileinstaller:profileinstaller:1.3.0] AndroidManifest.xml:34:9-52:20
87            android:name="androidx.profileinstaller.ProfileInstallReceiver"
87-->[androidx.profileinstaller:profileinstaller:1.3.0] AndroidManifest.xml:35:13-76
88            android:directBootAware="false"
88-->[androidx.profileinstaller:profileinstaller:1.3.0] AndroidManifest.xml:36:13-44
89            android:enabled="true"
89-->[androidx.profileinstaller:profileinstaller:1.3.0] AndroidManifest.xml:37:13-35
90            android:exported="true"
90-->[androidx.profileinstaller:profileinstaller:1.3.0] AndroidManifest.xml:38:13-36
91            android:permission="android.permission.DUMP" >
91-->[androidx.profileinstaller:profileinstaller:1.3.0] AndroidManifest.xml:39:13-57
92            <intent-filter>
92-->[androidx.profileinstaller:profileinstaller:1.3.0] AndroidManifest.xml:40:13-42:29
93                <action android:name="androidx.profileinstaller.action.INSTALL_PROFILE" />
93-->[androidx.profileinstaller:profileinstaller:1.3.0] AndroidManifest.xml:41:17-91
93-->[androidx.profileinstaller:profileinstaller:1.3.0] AndroidManifest.xml:41:25-88
94            </intent-filter>
95            <intent-filter>
95-->[androidx.profileinstaller:profileinstaller:1.3.0] AndroidManifest.xml:43:13-45:29
96                <action android:name="androidx.profileinstaller.action.SKIP_FILE" />
96-->[androidx.profileinstaller:profileinstaller:1.3.0] AndroidManifest.xml:44:17-85
96-->[androidx.profileinstaller:profileinstaller:1.3.0] AndroidManifest.xml:44:25-82
97            </intent-filter>
98            <intent-filter>
98-->[androidx.profileinstaller:profileinstaller:1.3.0] AndroidManifest.xml:46:13-48:29
99                <action android:name="androidx.profileinstaller.action.SAVE_PROFILE" />
99-->[androidx.profileinstaller:profileinstaller:1.3.0] AndroidManifest.xml:47:17-88
99-->[androidx.profileinstaller:profileinstaller:1.3.0] AndroidManifest.xml:47:25-85
100            </intent-filter>
101            <intent-filter>
101-->[androidx.profileinstaller:profileinstaller:1.3.0] AndroidManifest.xml:49:13-51:29
102                <action android:name="androidx.profileinstaller.action.BENCHMARK_OPERATION" />
102-->[androidx.profileinstaller:profileinstaller:1.3.0] AndroidManifest.xml:50:17-95
102-->[androidx.profileinstaller:profileinstaller:1.3.0] AndroidManifest.xml:50:25-92
103            </intent-filter>
104        </receiver>
105    </application>
106
107</manifest>